{"/home/raushankumar/SmartConverter/src/js/isEmail.js": {"path":"/home/raushankumar/SmartConverter/src/js/isEmail.js","statementMap":{"0":{"start":{"line":2,"column":15},"end":{"line":2,"column":61}},"1":{"start":{"line":3,"column":13},"end":{"line":3,"column":15}},"2":{"start":{"line":4,"column":1},"end":{"line":4,"column":28}},"3":{"start":{"line":5,"column":1},"end":{"line":10,"column":2}},"4":{"start":{"line":6,"column":2},"end":{"line":6,"column":15}},"5":{"start":{"line":9,"column":2},"end":{"line":9,"column":14}}},"fnMap":{"0":{"name":"isEmail","decl":{"start":{"line":1,"column":16},"end":{"line":1,"column":23}},"loc":{"start":{"line":1,"column":30},"end":{"line":11,"column":1}},"line":1}},"branchMap":{"0":{"loc":{"start":{"line":5,"column":1},"end":{"line":10,"column":2}},"type":"if","locations":[{"start":{"line":5,"column":1},"end":{"line":10,"column":2}},{"start":{"line":5,"column":1},"end":{"line":10,"column":2}}],"line":5}},"s":{"0":2,"1":2,"2":2,"3":2,"4":1,"5":1},"f":{"0":2},"b":{"0":[1,1]},"_coverageSchema":"332fd63041d2c1bcb487cc26dd0d5f7d97098a6c","hash":"5bf293e044bbcf3e7d3b4ad4b64bb484d17b49d1"}
,"/home/raushankumar/SmartConverter/src/js/n2w.js": {"path":"/home/raushankumar/SmartConverter/src/js/n2w.js","statementMap":{"0":{"start":{"line":3,"column":2},"end":{"line":3,"column":94}},"1":{"start":{"line":4,"column":2},"end":{"line":4,"column":43}},"2":{"start":{"line":5,"column":2},"end":{"line":5,"column":51}},"3":{"start":{"line":6,"column":2},"end":{"line":6,"column":126}},"4":{"start":{"line":7,"column":2},"end":{"line":7,"column":94}},"5":{"start":{"line":11,"column":15},"end":{"line":11,"column":17}},"6":{"start":{"line":12,"column":16},"end":{"line":12,"column":37}},"7":{"start":{"line":14,"column":15},"end":{"line":14,"column":16}},"8":{"start":{"line":15,"column":10},"end":{"line":15,"column":19}},"9":{"start":{"line":16,"column":15},"end":{"line":16,"column":16}},"10":{"start":{"line":17,"column":2},"end":{"line":21,"column":3}},"11":{"start":{"line":18,"column":3},"end":{"line":18,"column":18}},"12":{"start":{"line":19,"column":3},"end":{"line":19,"column":10}},"13":{"start":{"line":20,"column":3},"end":{"line":20,"column":15}},"14":{"start":{"line":23,"column":2},"end":{"line":30,"column":3}},"15":{"start":{"line":24,"column":16},"end":{"line":24,"column":40}},"16":{"start":{"line":26,"column":3},"end":{"line":26,"column":43}},"17":{"start":{"line":27,"column":3},"end":{"line":27,"column":17}},"18":{"start":{"line":28,"column":3},"end":{"line":28,"column":18}},"19":{"start":{"line":29,"column":3},"end":{"line":29,"column":12}},"20":{"start":{"line":31,"column":2},"end":{"line":31,"column":16}},"21":{"start":{"line":35,"column":15},"end":{"line":35,"column":17}},"22":{"start":{"line":36,"column":14},"end":{"line":36,"column":35}},"23":{"start":{"line":38,"column":15},"end":{"line":38,"column":16}},"24":{"start":{"line":39,"column":10},"end":{"line":39,"column":19}},"25":{"start":{"line":41,"column":2},"end":{"line":44,"column":3}},"26":{"start":{"line":42,"column":3},"end":{"line":42,"column":16}},"27":{"start":{"line":43,"column":3},"end":{"line":43,"column":7}},"28":{"start":{"line":46,"column":15},"end":{"line":46,"column":20}},"29":{"start":{"line":47,"column":2},"end":{"line":71,"column":3}},"30":{"start":{"line":48,"column":16},"end":{"line":48,"column":40}},"31":{"start":{"line":50,"column":3},"end":{"line":67,"column":4}},"32":{"start":{"line":52,"column":4},"end":{"line":52,"column":59}},"33":{"start":{"line":52,"column":28},"end":{"line":52,"column":57}},"34":{"start":{"line":53,"column":4},"end":{"line":53,"column":10}},"35":{"start":{"line":55,"column":4},"end":{"line":62,"column":5}},"36":{"start":{"line":56,"column":5},"end":{"line":56,"column":36}},"37":{"start":{"line":57,"column":5},"end":{"line":57,"column":19}},"38":{"start":{"line":58,"column":11},"end":{"line":62,"column":5}},"39":{"start":{"line":59,"column":5},"end":{"line":59,"column":42}},"40":{"start":{"line":61,"column":5},"end":{"line":61,"column":18}},"41":{"start":{"line":63,"column":4},"end":{"line":63,"column":10}},"42":{"start":{"line":65,"column":4},"end":{"line":65,"column":47}},"43":{"start":{"line":66,"column":4},"end":{"line":66,"column":10}},"44":{"start":{"line":68,"column":3},"end":{"line":68,"column":17}},"45":{"start":{"line":69,"column":3},"end":{"line":69,"column":16}},"46":{"start":{"line":70,"column":3},"end":{"line":70,"column":11}},"47":{"start":{"line":72,"column":15},"end":{"line":72,"column":17}},"48":{"start":{"line":73,"column":2},"end":{"line":87,"column":3}},"49":{"start":{"line":75,"column":3},"end":{"line":75,"column":9}},"50":{"start":{"line":77,"column":3},"end":{"line":77,"column":25}},"51":{"start":{"line":78,"column":3},"end":{"line":78,"column":9}},"52":{"start":{"line":80,"column":3},"end":{"line":80,"column":24}},"53":{"start":{"line":81,"column":3},"end":{"line":81,"column":9}},"54":{"start":{"line":83,"column":3},"end":{"line":83,"column":24}},"55":{"start":{"line":84,"column":3},"end":{"line":84,"column":9}},"56":{"start":{"line":86,"column":3},"end":{"line":86,"column":9}},"57":{"start":{"line":88,"column":2},"end":{"line":88,"column":48}},"58":{"start":{"line":88,"column":23},"end":{"line":88,"column":46}},"59":{"start":{"line":88,"column":49},"end":{"line":88,"column":63}}},"fnMap":{"0":{"name":"(anonymous_0)","decl":{"start":{"line":2,"column":1},"end":{"line":2,"column":2}},"loc":{"start":{"line":2,"column":15},"end":{"line":8,"column":2}},"line":2},"1":{"name":"(anonymous_1)","decl":{"start":{"line":10,"column":1},"end":{"line":10,"column":2}},"loc":{"start":{"line":10,"column":18},"end":{"line":32,"column":2}},"line":10},"2":{"name":"(anonymous_2)","decl":{"start":{"line":34,"column":1},"end":{"line":34,"column":2}},"loc":{"start":{"line":34,"column":25},"end":{"line":89,"column":2}},"line":34}},"branchMap":{"0":{"loc":{"start":{"line":50,"column":3},"end":{"line":67,"column":4}},"type":"switch","locations":[{"start":{"line":51,"column":3},"end":{"line":53,"column":10}},{"start":{"line":54,"column":3},"end":{"line":63,"column":10}},{"start":{"line":64,"column":3},"end":{"line":66,"column":10}}],"line":50},"1":{"loc":{"start":{"line":52,"column":4},"end":{"line":52,"column":59}},"type":"if","locations":[{"start":{"line":52,"column":4},"end":{"line":52,"column":59}},{"start":{"line":52,"column":4},"end":{"line":52,"column":59}}],"line":52},"2":{"loc":{"start":{"line":55,"column":4},"end":{"line":62,"column":5}},"type":"if","locations":[{"start":{"line":55,"column":4},"end":{"line":62,"column":5}},{"start":{"line":55,"column":4},"end":{"line":62,"column":5}}],"line":55},"3":{"loc":{"start":{"line":58,"column":11},"end":{"line":62,"column":5}},"type":"if","locations":[{"start":{"line":58,"column":11},"end":{"line":62,"column":5}},{"start":{"line":58,"column":11},"end":{"line":62,"column":5}}],"line":58},"4":{"loc":{"start":{"line":73,"column":2},"end":{"line":87,"column":3}},"type":"switch","locations":[{"start":{"line":74,"column":2},"end":{"line":75,"column":9}},{"start":{"line":76,"column":2},"end":{"line":78,"column":9}},{"start":{"line":79,"column":2},"end":{"line":81,"column":9}},{"start":{"line":82,"column":2},"end":{"line":84,"column":9}},{"start":{"line":85,"column":2},"end":{"line":86,"column":9}}],"line":73},"5":{"loc":{"start":{"line":88,"column":2},"end":{"line":88,"column":48}},"type":"if","locations":[{"start":{"line":88,"column":2},"end":{"line":88,"column":48}},{"start":{"line":88,"column":2},"end":{"line":88,"column":48}}],"line":88}},"s":{"0":1,"1":1,"2":1,"3":1,"4":1,"5":11,"6":11,"7":11,"8":11,"9":11,"10":11,"11":0,"12":0,"13":0,"14":11,"15":11,"16":11,"17":11,"18":11,"19":11,"20":11,"21":11,"22":11,"23":11,"24":11,"25":11,"26":0,"27":0,"28":11,"29":11,"30":11,"31":11,"32":11,"33":11,"34":11,"35":0,"36":0,"37":0,"38":0,"39":0,"40":0,"41":0,"42":0,"43":0,"44":11,"45":11,"46":11,"47":11,"48":11,"49":11,"50":0,"51":0,"52":0,"53":0,"54":0,"55":0,"56":0,"57":11,"58":11,"59":0},"f":{"0":1,"1":11,"2":11},"b":{"0":[11,0,0],"1":[11,0],"2":[0,0],"3":[0,0],"4":[11,0,0,0,0],"5":[11,0]},"_coverageSchema":"332fd63041d2c1bcb487cc26dd0d5f7d97098a6c","hash":"7e4a5a007c702ecfe3a554f3fb6db5083ca5d0d3"}
,"/home/raushankumar/SmartConverter/src/js/ordinal.js": {"path":"/home/raushankumar/SmartConverter/src/js/ordinal.js","statementMap":{"0":{"start":{"line":2,"column":10},"end":{"line":2,"column":46}},"1":{"start":{"line":3,"column":12},"end":{"line":3,"column":46}},"2":{"start":{"line":4,"column":1},"end":{"line":6,"column":2}},"3":{"start":{"line":5,"column":2},"end":{"line":5,"column":51}}},"fnMap":{"0":{"name":"convertOrdinal","decl":{"start":{"line":1,"column":16},"end":{"line":1,"column":30}},"loc":{"start":{"line":1,"column":41},"end":{"line":7,"column":1}},"line":1}},"branchMap":{},"s":{"0":1,"1":1,"2":1,"3":4},"f":{"0":1},"b":{},"_coverageSchema":"332fd63041d2c1bcb487cc26dd0d5f7d97098a6c","hash":"2f6c1bdfa48330aaaf42f47ba16bae464ec7b7df"}
,"/home/raushankumar/SmartConverter/src/js/phone.js": {"path":"/home/raushankumar/SmartConverter/src/js/phone.js","statementMap":{"0":{"start":{"line":16,"column":2},"end":{"line":16,"column":17}},"1":{"start":{"line":17,"column":2},"end":{"line":17,"column":21}},"2":{"start":{"line":18,"column":2},"end":{"line":18,"column":24}},"3":{"start":{"line":28,"column":18},"end":{"line":28,"column":78}},"4":{"start":{"line":29,"column":2},"end":{"line":29,"column":43}},"5":{"start":{"line":32,"column":13},"end":{"line":32,"column":15}},"6":{"start":{"line":34,"column":10},"end":{"line":34,"column":18}},"7":{"start":{"line":35,"column":15},"end":{"line":35,"column":24}},"8":{"start":{"line":36,"column":2},"end":{"line":44,"column":3}},"9":{"start":{"line":37,"column":3},"end":{"line":43,"column":4}},"10":{"start":{"line":38,"column":4},"end":{"line":38,"column":43}},"11":{"start":{"line":39,"column":10},"end":{"line":43,"column":4}},"12":{"start":{"line":40,"column":4},"end":{"line":40,"column":20}},"13":{"start":{"line":42,"column":4},"end":{"line":42,"column":19}},"14":{"start":{"line":45,"column":2},"end":{"line":45,"column":34}}},"fnMap":{"0":{"name":"(anonymous_0)","decl":{"start":{"line":15,"column":1},"end":{"line":15,"column":2}},"loc":{"start":{"line":15,"column":25},"end":{"line":19,"column":2}},"line":15},"1":{"name":"(anonymous_1)","decl":{"start":{"line":27,"column":1},"end":{"line":27,"column":2}},"loc":{"start":{"line":27,"column":11},"end":{"line":30,"column":2}},"line":27},"2":{"name":"(anonymous_2)","decl":{"start":{"line":31,"column":1},"end":{"line":31,"column":2}},"loc":{"start":{"line":31,"column":11},"end":{"line":46,"column":2}},"line":31}},"branchMap":{"0":{"loc":{"start":{"line":29,"column":9},"end":{"line":29,"column":42}},"type":"cond-expr","locations":[{"start":{"line":29,"column":32},"end":{"line":29,"column":36}},{"start":{"line":29,"column":37},"end":{"line":29,"column":42}}],"line":29},"1":{"loc":{"start":{"line":37,"column":3},"end":{"line":43,"column":4}},"type":"if","locations":[{"start":{"line":37,"column":3},"end":{"line":43,"column":4}},{"start":{"line":37,"column":3},"end":{"line":43,"column":4}}],"line":37},"2":{"loc":{"start":{"line":37,"column":6},"end":{"line":37,"column":33}},"type":"binary-expr","locations":[{"start":{"line":37,"column":6},"end":{"line":37,"column":18}},{"start":{"line":37,"column":22},"end":{"line":37,"column":33}}],"line":37},"3":{"loc":{"start":{"line":39,"column":10},"end":{"line":43,"column":4}},"type":"if","locations":[{"start":{"line":39,"column":10},"end":{"line":43,"column":4}},{"start":{"line":39,"column":10},"end":{"line":43,"column":4}}],"line":39}},"s":{"0":1,"1":1,"2":1,"3":1,"4":1,"5":1,"6":1,"7":1,"8":1,"9":14,"10":11,"11":3,"12":1,"13":2,"14":1},"f":{"0":1,"1":1,"2":1},"b":{"0":[1,0],"1":[11,3],"2":[14,11],"3":[1,2]},"_coverageSchema":"332fd63041d2c1bcb487cc26dd0d5f7d97098a6c","hash":"156e7a486654fc2e748e6f1a0ee2aed71b940201"}
}
