{"/home/raushankumar/SmartConverter/src/js/n2w.js": {"path":"/home/raushankumar/SmartConverter/src/js/n2w.js","statementMap":{"0":{"start":{"line":3,"column":4},"end":{"line":3,"column":96}},"1":{"start":{"line":4,"column":4},"end":{"line":4,"column":45}},"2":{"start":{"line":5,"column":4},"end":{"line":5,"column":53}},"3":{"start":{"line":6,"column":4},"end":{"line":6,"column":128}},"4":{"start":{"line":7,"column":4},"end":{"line":7,"column":96}},"5":{"start":{"line":11,"column":17},"end":{"line":11,"column":19}},"6":{"start":{"line":12,"column":18},"end":{"line":12,"column":39}},"7":{"start":{"line":14,"column":17},"end":{"line":14,"column":18}},"8":{"start":{"line":15,"column":12},"end":{"line":15,"column":21}},"9":{"start":{"line":16,"column":17},"end":{"line":16,"column":18}},"10":{"start":{"line":17,"column":4},"end":{"line":21,"column":5}},"11":{"start":{"line":18,"column":6},"end":{"line":18,"column":21}},"12":{"start":{"line":19,"column":6},"end":{"line":19,"column":13}},"13":{"start":{"line":20,"column":6},"end":{"line":20,"column":18}},"14":{"start":{"line":23,"column":4},"end":{"line":30,"column":5}},"15":{"start":{"line":24,"column":19},"end":{"line":24,"column":43}},"16":{"start":{"line":26,"column":6},"end":{"line":26,"column":46}},"17":{"start":{"line":27,"column":6},"end":{"line":27,"column":20}},"18":{"start":{"line":28,"column":6},"end":{"line":28,"column":21}},"19":{"start":{"line":29,"column":6},"end":{"line":29,"column":15}},"20":{"start":{"line":31,"column":4},"end":{"line":31,"column":18}},"21":{"start":{"line":35,"column":17},"end":{"line":35,"column":19}},"22":{"start":{"line":36,"column":16},"end":{"line":36,"column":37}},"23":{"start":{"line":38,"column":17},"end":{"line":38,"column":18}},"24":{"start":{"line":39,"column":12},"end":{"line":39,"column":21}},"25":{"start":{"line":41,"column":4},"end":{"line":44,"column":5}},"26":{"start":{"line":42,"column":6},"end":{"line":42,"column":19}},"27":{"start":{"line":43,"column":6},"end":{"line":43,"column":10}},"28":{"start":{"line":46,"column":17},"end":{"line":46,"column":22}},"29":{"start":{"line":47,"column":4},"end":{"line":71,"column":5}},"30":{"start":{"line":48,"column":21},"end":{"line":48,"column":45}},"31":{"start":{"line":50,"column":8},"end":{"line":67,"column":9}},"32":{"start":{"line":52,"column":12},"end":{"line":52,"column":67}},"33":{"start":{"line":52,"column":36},"end":{"line":52,"column":65}},"34":{"start":{"line":53,"column":12},"end":{"line":53,"column":18}},"35":{"start":{"line":55,"column":12},"end":{"line":62,"column":13}},"36":{"start":{"line":56,"column":16},"end":{"line":56,"column":47}},"37":{"start":{"line":57,"column":16},"end":{"line":57,"column":30}},"38":{"start":{"line":58,"column":19},"end":{"line":62,"column":13}},"39":{"start":{"line":59,"column":16},"end":{"line":59,"column":53}},"40":{"start":{"line":61,"column":16},"end":{"line":61,"column":29}},"41":{"start":{"line":63,"column":12},"end":{"line":63,"column":18}},"42":{"start":{"line":65,"column":12},"end":{"line":65,"column":55}},"43":{"start":{"line":66,"column":12},"end":{"line":66,"column":18}},"44":{"start":{"line":68,"column":8},"end":{"line":68,"column":22}},"45":{"start":{"line":69,"column":8},"end":{"line":69,"column":21}},"46":{"start":{"line":70,"column":8},"end":{"line":70,"column":16}},"47":{"start":{"line":72,"column":17},"end":{"line":72,"column":19}},"48":{"start":{"line":73,"column":4},"end":{"line":87,"column":5}},"49":{"start":{"line":75,"column":8},"end":{"line":75,"column":14}},"50":{"start":{"line":77,"column":8},"end":{"line":77,"column":30}},"51":{"start":{"line":78,"column":8},"end":{"line":78,"column":14}},"52":{"start":{"line":80,"column":8},"end":{"line":80,"column":29}},"53":{"start":{"line":81,"column":8},"end":{"line":81,"column":14}},"54":{"start":{"line":83,"column":8},"end":{"line":83,"column":29}},"55":{"start":{"line":84,"column":8},"end":{"line":84,"column":14}},"56":{"start":{"line":86,"column":8},"end":{"line":86,"column":14}},"57":{"start":{"line":88,"column":4},"end":{"line":88,"column":50}},"58":{"start":{"line":88,"column":25},"end":{"line":88,"column":48}},"59":{"start":{"line":88,"column":51},"end":{"line":88,"column":65}}},"fnMap":{"0":{"name":"(anonymous_0)","decl":{"start":{"line":2,"column":2},"end":{"line":2,"column":3}},"loc":{"start":{"line":2,"column":16},"end":{"line":8,"column":3}},"line":2},"1":{"name":"(anonymous_1)","decl":{"start":{"line":10,"column":2},"end":{"line":10,"column":3}},"loc":{"start":{"line":10,"column":19},"end":{"line":32,"column":3}},"line":10},"2":{"name":"(anonymous_2)","decl":{"start":{"line":34,"column":2},"end":{"line":34,"column":3}},"loc":{"start":{"line":34,"column":26},"end":{"line":89,"column":3}},"line":34}},"branchMap":{"0":{"loc":{"start":{"line":50,"column":8},"end":{"line":67,"column":9}},"type":"switch","locations":[{"start":{"line":51,"column":12},"end":{"line":53,"column":18}},{"start":{"line":54,"column":12},"end":{"line":63,"column":18}},{"start":{"line":64,"column":12},"end":{"line":66,"column":18}}],"line":50},"1":{"loc":{"start":{"line":52,"column":12},"end":{"line":52,"column":67}},"type":"if","locations":[{"start":{"line":52,"column":12},"end":{"line":52,"column":67}},{"start":{"line":52,"column":12},"end":{"line":52,"column":67}}],"line":52},"2":{"loc":{"start":{"line":55,"column":12},"end":{"line":62,"column":13}},"type":"if","locations":[{"start":{"line":55,"column":12},"end":{"line":62,"column":13}},{"start":{"line":55,"column":12},"end":{"line":62,"column":13}}],"line":55},"3":{"loc":{"start":{"line":58,"column":19},"end":{"line":62,"column":13}},"type":"if","locations":[{"start":{"line":58,"column":19},"end":{"line":62,"column":13}},{"start":{"line":58,"column":19},"end":{"line":62,"column":13}}],"line":58},"4":{"loc":{"start":{"line":73,"column":4},"end":{"line":87,"column":5}},"type":"switch","locations":[{"start":{"line":74,"column":6},"end":{"line":75,"column":14}},{"start":{"line":76,"column":6},"end":{"line":78,"column":14}},{"start":{"line":79,"column":6},"end":{"line":81,"column":14}},{"start":{"line":82,"column":6},"end":{"line":84,"column":14}},{"start":{"line":85,"column":6},"end":{"line":86,"column":14}}],"line":73},"5":{"loc":{"start":{"line":88,"column":4},"end":{"line":88,"column":50}},"type":"if","locations":[{"start":{"line":88,"column":4},"end":{"line":88,"column":50}},{"start":{"line":88,"column":4},"end":{"line":88,"column":50}}],"line":88}},"s":{"0":0,"1":0,"2":0,"3":0,"4":0,"5":0,"6":0,"7":0,"8":0,"9":0,"10":0,"11":0,"12":0,"13":0,"14":0,"15":0,"16":0,"17":0,"18":0,"19":0,"20":0,"21":0,"22":0,"23":0,"24":0,"25":0,"26":0,"27":0,"28":0,"29":0,"30":0,"31":0,"32":0,"33":0,"34":0,"35":0,"36":0,"37":0,"38":0,"39":0,"40":0,"41":0,"42":0,"43":0,"44":0,"45":0,"46":0,"47":0,"48":0,"49":0,"50":0,"51":0,"52":0,"53":0,"54":0,"55":0,"56":0,"57":0,"58":0,"59":0},"f":{"0":0,"1":0,"2":0},"b":{"0":[0,0,0],"1":[0,0],"2":[0,0],"3":[0,0],"4":[0,0,0,0,0],"5":[0,0]},"_coverageSchema":"332fd63041d2c1bcb487cc26dd0d5f7d97098a6c","hash":"f423f44c2c968d5ad85b71d28a5e39575a918d4b"}
,"/home/raushankumar/SmartConverter/src/js/phone.js": {"path":"/home/raushankumar/SmartConverter/src/js/phone.js","statementMap":{"0":{"start":{"line":4,"column":4},"end":{"line":4,"column":19}},"1":{"start":{"line":5,"column":4},"end":{"line":5,"column":23}},"2":{"start":{"line":6,"column":4},"end":{"line":6,"column":26}},"3":{"start":{"line":9,"column":20},"end":{"line":9,"column":81}},"4":{"start":{"line":10,"column":4},"end":{"line":10,"column":45}},"5":{"start":{"line":13,"column":15},"end":{"line":13,"column":17}},"6":{"start":{"line":15,"column":12},"end":{"line":15,"column":20}},"7":{"start":{"line":16,"column":17},"end":{"line":16,"column":26}},"8":{"start":{"line":17,"column":4},"end":{"line":25,"column":5}},"9":{"start":{"line":18,"column":6},"end":{"line":24,"column":7}},"10":{"start":{"line":19,"column":8},"end":{"line":19,"column":47}},"11":{"start":{"line":20,"column":13},"end":{"line":24,"column":7}},"12":{"start":{"line":21,"column":8},"end":{"line":21,"column":24}},"13":{"start":{"line":23,"column":8},"end":{"line":23,"column":23}},"14":{"start":{"line":26,"column":4},"end":{"line":26,"column":36}}},"fnMap":{"0":{"name":"(anonymous_0)","decl":{"start":{"line":3,"column":2},"end":{"line":3,"column":3}},"loc":{"start":{"line":3,"column":26},"end":{"line":7,"column":3}},"line":3},"1":{"name":"(anonymous_1)","decl":{"start":{"line":8,"column":2},"end":{"line":8,"column":3}},"loc":{"start":{"line":8,"column":12},"end":{"line":11,"column":3}},"line":8},"2":{"name":"(anonymous_2)","decl":{"start":{"line":12,"column":2},"end":{"line":12,"column":3}},"loc":{"start":{"line":12,"column":12},"end":{"line":27,"column":3}},"line":12}},"branchMap":{"0":{"loc":{"start":{"line":10,"column":11},"end":{"line":10,"column":44}},"type":"cond-expr","locations":[{"start":{"line":10,"column":34},"end":{"line":10,"column":38}},{"start":{"line":10,"column":39},"end":{"line":10,"column":44}}],"line":10},"1":{"loc":{"start":{"line":18,"column":6},"end":{"line":24,"column":7}},"type":"if","locations":[{"start":{"line":18,"column":6},"end":{"line":24,"column":7}},{"start":{"line":18,"column":6},"end":{"line":24,"column":7}}],"line":18},"2":{"loc":{"start":{"line":18,"column":9},"end":{"line":18,"column":36}},"type":"binary-expr","locations":[{"start":{"line":18,"column":9},"end":{"line":18,"column":21}},{"start":{"line":18,"column":25},"end":{"line":18,"column":36}}],"line":18},"3":{"loc":{"start":{"line":20,"column":13},"end":{"line":24,"column":7}},"type":"if","locations":[{"start":{"line":20,"column":13},"end":{"line":24,"column":7}},{"start":{"line":20,"column":13},"end":{"line":24,"column":7}}],"line":20}},"s":{"0":1,"1":1,"2":1,"3":1,"4":1,"5":0,"6":0,"7":0,"8":0,"9":0,"10":0,"11":0,"12":0,"13":0,"14":0},"f":{"0":1,"1":1,"2":0},"b":{"0":[1,0],"1":[0,0],"2":[0,0],"3":[0,0]},"_coverageSchema":"332fd63041d2c1bcb487cc26dd0d5f7d97098a6c","hash":"1eac8755cc3672ac3579365e567f98fb20111681"}
}
