TN:
SF:/home/raushankumar/SmartConverter/src/js/decider.js
FN:7,decider
FNF:1
FNH:1
FNDA:11,decider
DA:8,11
DA:9,11
DA:10,11
DA:11,11
DA:12,11
DA:13,1
DA:14,10
DA:16,7
DA:17,2
DA:18,5
DA:19,1
DA:20,4
DA:21,3
LF:13
LH:13
BRDA:12,0,0,1
BRDA:12,0,1,10
BRDA:14,1,0,3
BRDA:14,1,1,7
BRDA:16,2,0,2
BRDA:16,2,1,5
BRDA:18,3,0,1
BRDA:18,3,1,4
BRDA:20,4,0,3
BRDA:20,4,1,1
BRF:10
BRH:10
end_of_record
TN:
SF:/home/raushankumar/SmartConverter/src/js/decimal.js
FN:4,(anonymous_0)
FN:11,(anonymous_1)
FN:25,(anonymous_2)
FN:38,(anonymous_3)
FNF:4
FNH:4
FNDA:13,(anonymous_0)
FNDA:9,(anonymous_1)
FNDA:3,(anonymous_2)
FNDA:3,(anonymous_3)
DA:5,13
DA:6,13
DA:7,13
DA:8,13
DA:9,13
DA:12,9
DA:13,9
DA:14,40
DA:15,6
DA:18,9
DA:19,3
DA:22,6
DA:26,3
DA:27,3
DA:28,7
DA:29,3
DA:30,4
DA:32,3
DA:33,3
DA:34,8
DA:39,3
DA:40,3
DA:41,3
DA:42,3
DA:43,3
DA:44,3
DA:45,8
DA:46,2
DA:49,6
DA:50,4
DA:53,2
DA:57,3
LF:32
LH:32
BRDA:14,0,0,6
BRDA:14,0,1,34
BRDA:18,1,0,3
BRDA:18,1,1,6
BRDA:28,2,0,3
BRDA:28,2,1,4
BRDA:45,3,0,2
BRDA:45,3,1,6
BRDA:49,4,0,4
BRDA:49,4,1,2
BRDA:49,5,0,6
BRDA:49,5,1,6
BRF:12
BRH:12
end_of_record
TN:
SF:/home/raushankumar/SmartConverter/src/js/fraction.js
FN:4,(anonymous_0)
FN:11,(anonymous_1)
FN:25,(anonymous_2)
FN:38,(anonymous_3)
FNF:4
FNH:4
FNDA:13,(anonymous_0)
FNDA:7,(anonymous_1)
FNDA:2,(anonymous_2)
FNDA:2,(anonymous_3)
DA:5,13
DA:6,13
DA:7,13
DA:8,13
DA:9,13
DA:12,7
DA:13,7
DA:14,29
DA:15,5
DA:18,7
DA:19,2
DA:22,5
DA:26,2
DA:27,2
DA:28,5
DA:29,2
DA:30,3
DA:32,2
DA:33,2
DA:34,2
DA:39,2
DA:40,2
DA:41,2
DA:42,2
DA:43,2
DA:44,2
DA:45,2
LF:27
LH:27
BRDA:14,0,0,5
BRDA:14,0,1,24
BRDA:18,1,0,2
BRDA:18,1,1,5
BRDA:28,2,0,2
BRDA:28,2,1,3
BRF:6
BRH:6
end_of_record
TN:
SF:/home/raushankumar/SmartConverter/src/js/isEmail.js
FN:1,isEmail
FNF:1
FNH:1
FNDA:12,isEmail
DA:2,12
DA:3,12
DA:4,12
DA:5,12
DA:6,8
DA:9,4
LF:6
LH:6
BRDA:5,0,0,8
BRDA:5,0,1,4
BRF:2
BRH:2
end_of_record
TN:
SF:/home/raushankumar/SmartConverter/src/js/main.js
FN:4,(anonymous_0)
FN:8,(anonymous_1)
FN:12,(anonymous_2)
FN:17,(anonymous_3)
FN:23,printNum
FN:27,(anonymous_5)
FN:32,clicked
FNF:7
FNH:7
FNDA:2,(anonymous_0)
FNDA:2,(anonymous_1)
FNDA:5,(anonymous_2)
FNDA:2,(anonymous_3)
FNDA:1,printNum
FNDA:1,(anonymous_5)
FNDA:1,clicked
DA:5,2
DA:6,2
DA:9,2
DA:10,2
DA:11,2
DA:12,5
DA:13,5
DA:17,2
DA:18,2
DA:24,1
DA:25,1
DA:26,1
DA:27,1
DA:28,1
DA:33,1
DA:36,1
LF:16
LH:16
BRF:0
BRH:0
end_of_record
TN:
SF:/home/raushankumar/SmartConverter/src/js/n2w.js
FN:2,(anonymous_0)
FN:10,(anonymous_1)
FN:34,(anonymous_2)
FNF:3
FNH:3
FNDA:12,(anonymous_0)
FNDA:40,(anonymous_1)
FNDA:46,(anonymous_2)
DA:3,12
DA:4,12
DA:5,12
DA:6,12
DA:7,12
DA:11,40
DA:12,40
DA:14,40
DA:15,40
DA:16,40
DA:17,40
DA:18,6
DA:19,6
DA:20,6
DA:23,40
DA:24,46
DA:26,46
DA:27,46
DA:28,46
DA:29,46
DA:31,40
DA:35,46
DA:36,46
DA:38,46
DA:39,46
DA:41,46
DA:42,9
DA:43,9
DA:46,46
DA:47,46
DA:48,55
DA:50,55
DA:52,46
DA:53,46
DA:55,7
DA:56,3
DA:57,3
DA:58,4
DA:59,4
DA:61,0
DA:63,7
DA:65,2
DA:66,2
DA:68,55
DA:69,55
DA:70,55
DA:72,46
DA:73,46
DA:75,40
DA:77,3
DA:78,3
DA:80,2
DA:81,2
DA:83,1
DA:84,1
DA:86,46
LF:56
LH:55
BRDA:50,0,0,46
BRDA:50,0,1,7
BRDA:50,0,2,2
BRDA:52,1,0,43
BRDA:52,1,1,3
BRDA:55,2,0,3
BRDA:55,2,1,4
BRDA:58,3,0,4
BRDA:58,3,1,0
BRDA:73,4,0,40
BRDA:73,4,1,3
BRDA:73,4,2,2
BRDA:73,4,3,1
BRDA:86,5,0,40
BRDA:86,5,1,6
BRF:15
BRH:14
end_of_record
TN:
SF:/home/raushankumar/SmartConverter/src/js/ordinal.js
FN:1,convertOrdinal
FNF:1
FNH:1
FNDA:5,convertOrdinal
DA:2,5
DA:3,5
DA:4,5
DA:5,20
LF:4
LH:4
BRF:0
BRH:0
end_of_record
TN:
SF:/home/raushankumar/SmartConverter/src/js/phone.js
FN:15,(anonymous_0)
FN:27,(anonymous_1)
FN:31,(anonymous_2)
FNF:3
FNH:3
FNDA:12,(anonymous_0)
FNDA:12,(anonymous_1)
FNDA:2,(anonymous_2)
DA:16,12
DA:17,12
DA:18,12
DA:28,12
DA:29,12
DA:32,2
DA:34,2
DA:35,2
DA:36,2
DA:37,25
DA:38,20
DA:39,5
DA:40,3
DA:42,2
DA:45,2
LF:15
LH:15
BRDA:29,0,0,2
BRDA:29,0,1,10
BRDA:37,1,0,20
BRDA:37,1,1,5
BRDA:37,2,0,25
BRDA:37,2,1,20
BRDA:39,3,0,3
BRDA:39,3,1,2
BRF:8
BRH:8
end_of_record
TN:
SF:/home/raushankumar/SmartConverter/src/js/pre_suffix.js
FN:4,(anonymous_0)
FN:8,(anonymous_1)
FN:16,(anonymous_2)
FNF:3
FNH:3
FNDA:13,(anonymous_0)
FNDA:6,(anonymous_1)
FNDA:4,(anonymous_2)
DA:5,13
DA:6,13
DA:9,6
DA:10,6
DA:11,6
DA:12,2
DA:14,4
DA:17,4
DA:18,4
DA:19,4
DA:21,4
DA:22,4
DA:23,4
DA:26,4
DA:27,4
DA:29,4
DA:30,4
LF:17
LH:17
BRDA:11,0,0,2
BRDA:11,0,1,4
BRF:2
BRH:2
end_of_record
