TN:
SF:/home/raushankumar/SmartConverter/src/js/isEmail.js
FN:1,isEmail
FNF:1
FNH:1
FNDA:2,isEmail
DA:2,2
DA:3,2
DA:4,2
DA:5,2
DA:6,1
DA:9,1
LF:6
LH:6
BRDA:5,0,0,1
BRDA:5,0,1,1
BRF:2
BRH:2
end_of_record
TN:
SF:/home/raushankumar/SmartConverter/src/js/n2w.js
FN:2,(anonymous_0)
FN:10,(anonymous_1)
FN:34,(anonymous_2)
FNF:3
FNH:3
FNDA:1,(anonymous_0)
FNDA:11,(anonymous_1)
FNDA:11,(anonymous_2)
DA:3,1
DA:4,1
DA:5,1
DA:6,1
DA:7,1
DA:11,11
DA:12,11
DA:14,11
DA:15,11
DA:16,11
DA:17,11
DA:18,0
DA:19,0
DA:20,0
DA:23,11
DA:24,11
DA:26,11
DA:27,11
DA:28,11
DA:29,11
DA:31,11
DA:35,11
DA:36,11
DA:38,11
DA:39,11
DA:41,11
DA:42,0
DA:43,0
DA:46,11
DA:47,11
DA:48,11
DA:50,11
DA:52,11
DA:53,11
DA:55,0
DA:56,0
DA:57,0
DA:58,0
DA:59,0
DA:61,0
DA:63,0
DA:65,0
DA:66,0
DA:68,11
DA:69,11
DA:70,11
DA:72,11
DA:73,11
DA:75,11
DA:77,0
DA:78,0
DA:80,0
DA:81,0
DA:83,0
DA:84,0
DA:86,0
DA:88,11
LF:57
LH:36
BRDA:50,0,0,11
BRDA:50,0,1,0
BRDA:50,0,2,0
BRDA:52,1,0,11
BRDA:52,1,1,0
BRDA:55,2,0,0
BRDA:55,2,1,0
BRDA:58,3,0,0
BRDA:58,3,1,0
BRDA:73,4,0,11
BRDA:73,4,1,0
BRDA:73,4,2,0
BRDA:73,4,3,0
BRDA:73,4,4,0
BRDA:88,5,0,11
BRDA:88,5,1,0
BRF:16
BRH:4
end_of_record
TN:
SF:/home/raushankumar/SmartConverter/src/js/ordinal.js
FN:1,convertOrdinal
FNF:1
FNH:1
FNDA:1,convertOrdinal
DA:2,1
DA:3,1
DA:4,1
DA:5,4
LF:4
LH:4
BRF:0
BRH:0
end_of_record
TN:
SF:/home/raushankumar/SmartConverter/src/js/phone.js
FN:15,(anonymous_0)
FN:27,(anonymous_1)
FN:31,(anonymous_2)
FNF:3
FNH:3
FNDA:1,(anonymous_0)
FNDA:1,(anonymous_1)
FNDA:1,(anonymous_2)
DA:16,1
DA:17,1
DA:18,1
DA:28,1
DA:29,1
DA:32,1
DA:34,1
DA:35,1
DA:36,1
DA:37,14
DA:38,11
DA:39,3
DA:40,1
DA:42,2
DA:45,1
LF:15
LH:15
BRDA:29,0,0,1
BRDA:29,0,1,0
BRDA:37,1,0,11
BRDA:37,1,1,3
BRDA:37,2,0,14
BRDA:37,2,1,11
BRDA:39,3,0,1
BRDA:39,3,1,2
BRF:8
BRH:7
end_of_record
